<?xml version="1.0" encoding="UTF-8"?>
<testng-results skipped="0" failed="0" total="1" passed="1">
  <reporter-output>
  </reporter-output>
  <suite name="Suite" duration-ms="9425" started-at="2019-03-02T07:30:24Z" finished-at="2019-03-02T07:30:33Z">
    <groups>
    </groups>
    <test name="Test" duration-ms="9425" started-at="2019-03-02T07:30:24Z" finished-at="2019-03-02T07:30:33Z">
      <class name="testCases.LoginTest">
        <test-method status="PASS" signature="test()[pri:0, instance:testCases.LoginTest@4cc0edeb]" name="test" duration-ms="9410" started-at="2019-03-02T13:00:24Z" finished-at="2019-03-02T13:00:33Z">
          <reporter-output>
          </reporter-output>
        </test-method> <!-- test -->
      </class> <!-- testCases.LoginTest -->
    </test> <!-- Test -->
  </suite> <!-- Suite -->
</testng-results>
